c:\pg\bf2-3b\bf2-3b\x64\debug\vc143.pdb
c:\pg\bf2-3b\bf2-3b\x64\debug\vc143.idb
c:\pg\bf2-3b\bf2-3b\x64\debug\title.obj
c:\pg\bf2-3b\bf2-3b\x64\debug\stage.obj
c:\pg\bf2-3b\bf2-3b\x64\debug\scenemanager.obj
c:\pg\bf2-3b\bf2-3b\x64\debug\result.obj
c:\pg\bf2-3b\bf2-3b\x64\debug\player.obj
c:\pg\bf2-3b\bf2-3b\x64\debug\pause.obj
c:\pg\bf2-3b\bf2-3b\x64\debug\padinput.obj
c:\pg\bf2-3b\bf2-3b\x64\debug\main.obj
c:\pg\bf2-3b\bf2-3b\x64\debug\gamemain.obj
c:\pg\bf2-3b\bf2-3b\x64\debug\fpscontroller.obj
c:\pg\bf2-3b\bf2-3b\x64\debug\enemy.obj
c:\pg\bf2-3b\bf2-3b\x64\debug\backlash.obj
c:\pg\bf2-3b\bf2-3b\x64\debug\anim.obj
c:\pg\bf2-3b\bf2-3b\x64\debug\bf2-3b.exe
c:\pg\bf2-3b\bf2-3b\x64\debug\bf2-3b.ilk
c:\pg\bf2-3b\bf2-3b\x64\debug\bf2-3b.pdb
c:\pg\bf2-3b\bf2-3b\x64\debug\bf2-3b.tlog\cl.command.1.tlog
c:\pg\bf2-3b\bf2-3b\x64\debug\bf2-3b.tlog\cl.read.1.tlog
c:\pg\bf2-3b\bf2-3b\x64\debug\bf2-3b.tlog\cl.write.1.tlog
c:\pg\bf2-3b\bf2-3b\x64\debug\bf2-3b.tlog\link-cvtres.read.1.tlog
c:\pg\bf2-3b\bf2-3b\x64\debug\bf2-3b.tlog\link-cvtres.write.1.tlog
c:\pg\bf2-3b\bf2-3b\x64\debug\bf2-3b.tlog\link-rc.read.1.tlog
c:\pg\bf2-3b\bf2-3b\x64\debug\bf2-3b.tlog\link-rc.write.1.tlog
c:\pg\bf2-3b\bf2-3b\x64\debug\bf2-3b.tlog\link.command.1.tlog
c:\pg\bf2-3b\bf2-3b\x64\debug\bf2-3b.tlog\link.read.1.tlog
c:\pg\bf2-3b\bf2-3b\x64\debug\bf2-3b.tlog\link.read.2.tlog
c:\pg\bf2-3b\bf2-3b\x64\debug\bf2-3b.tlog\link.write.1.tlog
