  Enemy.cpp
C:\PG\bf2-3b\bf2-3b\Enemy.h(49): warning C4091: 'static ': 変数が何も宣言されていないときは、'Enemy::ENEMY' の左辺を無視します。
C:\PG\bf2-3b\bf2-3b\Enemy.h(17,37): warning C4305: '初期化中': 'double' から 'float' へ切り詰めます。
C:\PG\bf2-3b\bf2-3b\common.h(92,1): warning C4005: 'S3_Flooting_X': マクロが再定義されました。
C:\PG\bf2-3b\bf2-3b\common.h(80): message : 'S3_Flooting_X' の以前の定義を確認してください
C:\PG\bf2-3b\bf2-3b\common.h(93,1): warning C4005: 'S3_Flooting_Y': マクロが再定義されました。
C:\PG\bf2-3b\bf2-3b\common.h(81): message : 'S3_Flooting_Y' の以前の定義を確認してください
C:\PG\bf2-3b\bf2-3b\common.h(94,1): warning C4005: 'S3_Flooting_W': マクロが再定義されました。
C:\PG\bf2-3b\bf2-3b\common.h(82): message : 'S3_Flooting_W' の以前の定義を確認してください
C:\PG\bf2-3b\bf2-3b\common.h(103,1): warning C4005: 'S3_2Flooting_X': マクロが再定義されました。
C:\PG\bf2-3b\bf2-3b\common.h(86): message : 'S3_2Flooting_X' の以前の定義を確認してください
C:\PG\bf2-3b\bf2-3b\common.h(104,1): warning C4005: 'S3_2Flooting_Y': マクロが再定義されました。
C:\PG\bf2-3b\bf2-3b\common.h(87): message : 'S3_2Flooting_Y' の以前の定義を確認してください
C:\PG\bf2-3b\bf2-3b\common.h(105,1): warning C4005: 'S3_2Flooting_W': マクロが再定義されました。
C:\PG\bf2-3b\bf2-3b\common.h(88): message : 'S3_2Flooting_W' の以前の定義を確認してください
C:\PG\bf2-3b\bf2-3b\Enemy.cpp(50,22): warning C4244: '=': 'float' から 'int' への変換です。データが失われる可能性があります。
C:\PG\bf2-3b\bf2-3b\Enemy.cpp(51,22): warning C4244: '=': 'float' から 'int' への変換です。データが失われる可能性があります。
C:\PG\bf2-3b\bf2-3b\Enemy.cpp(52,23): warning C4244: '=': 'float' から 'int' への変換です。データが失われる可能性があります。
C:\PG\bf2-3b\bf2-3b\Enemy.cpp(53,23): warning C4244: '=': 'float' から 'int' への変換です。データが失われる可能性があります。
C:\PG\bf2-3b\bf2-3b\Enemy.cpp(56,21): warning C4244: '=': 'float' から 'int' への変換です。データが失われる可能性があります。
C:\PG\bf2-3b\bf2-3b\Enemy.cpp(57,21): warning C4244: '=': 'float' から 'int' への変換です。データが失われる可能性があります。
C:\PG\bf2-3b\bf2-3b\Enemy.cpp(58,22): warning C4244: '=': 'float' から 'int' への変換です。データが失われる可能性があります。
C:\PG\bf2-3b\bf2-3b\Enemy.cpp(59,22): warning C4244: '=': 'float' から 'int' への変換です。データが失われる可能性があります。
C:\PG\bf2-3b\bf2-3b\Enemy.cpp(77,14): warning C4305: '+=': 'double' から 'float' へ切り詰めます。
C:\PG\bf2-3b\bf2-3b\Enemy.cpp(81,14): warning C4305: '+=': 'double' から 'float' へ切り詰めます。
C:\PG\bf2-3b\bf2-3b\Enemy.cpp(114,15): warning C4305: '=': 'double' から 'float' へ切り詰めます。
C:\PG\bf2-3b\bf2-3b\Enemy.cpp(149,16): warning C4305: '-=': 'double' から 'float' へ切り詰めます。
C:\PG\bf2-3b\bf2-3b\Enemy.cpp(203,14): warning C4305: '=': 'double' から 'float' へ切り詰めます。
C:\PG\bf2-3b\bf2-3b\Enemy.cpp(230,14): warning C4305: '=': 'double' から 'float' へ切り詰めます。
C:\PG\bf2-3b\bf2-3b\Enemy.cpp(258,14): warning C4305: '=': 'double' から 'float' へ切り詰めます。
C:\PG\bf2-3b\bf2-3b\Enemy.cpp(372,18): warning C4244: '=': 'float' から 'int' への変換です。データが失われる可能性があります。
C:\PG\bf2-3b\bf2-3b\Enemy.cpp(373,18): warning C4244: '=': 'float' から 'int' への変換です。データが失われる可能性があります。
C:\PG\bf2-3b\bf2-3b\Enemy.cpp(386,17): warning C4553: '==': 式の結果が使用されていません。'=' を意図していますか?
C:\PG\bf2-3b\bf2-3b\Enemy.cpp(403,34): warning C4244: '引数': 'const float' から 'int' への変換です。データが失われる可能性があります。
C:\PG\bf2-3b\bf2-3b\Enemy.cpp(403,22): warning C4244: '引数': 'const float' から 'int' への変換です。データが失われる可能性があります。
C:\PG\bf2-3b\bf2-3b\Enemy.cpp(405,40): warning C4244: '引数': 'const float' から 'int' への変換です。データが失われる可能性があります。
C:\PG\bf2-3b\bf2-3b\Enemy.cpp(405,18): warning C4244: '引数': 'float' から 'int' への変換です。データが失われる可能性があります。
C:\PG\bf2-3b\bf2-3b\Enemy.cpp(406,40): warning C4244: '引数': 'const float' から 'int' への変換です。データが失われる可能性があります。
C:\PG\bf2-3b\bf2-3b\Enemy.cpp(406,25): warning C4244: '引数': 'float' から 'int' への変換です。データが失われる可能性があります。
C:\PG\bf2-3b\bf2-3b\Enemy.cpp(412,38): warning C4244: '引数': 'const float' から 'int' への変換です。データが失われる可能性があります。
C:\PG\bf2-3b\bf2-3b\Enemy.cpp(412,26): warning C4244: '引数': 'const float' から 'int' への変換です。データが失われる可能性があります。
C:\PG\bf2-3b\bf2-3b\Enemy.cpp(414,44): warning C4244: '引数': 'const float' から 'int' への変換です。データが失われる可能性があります。
C:\PG\bf2-3b\bf2-3b\Enemy.cpp(414,22): warning C4244: '引数': 'float' から 'int' への変換です。データが失われる可能性があります。
C:\PG\bf2-3b\bf2-3b\Enemy.cpp(415,44): warning C4244: '引数': 'const float' から 'int' への変換です。データが失われる可能性があります。
C:\PG\bf2-3b\bf2-3b\Enemy.cpp(415,29): warning C4244: '引数': 'float' から 'int' への変換です。データが失われる可能性があります。
C:\PG\bf2-3b\bf2-3b\Enemy.cpp(429,34): warning C4244: '引数': 'const float' から 'int' への変換です。データが失われる可能性があります。
C:\PG\bf2-3b\bf2-3b\Enemy.cpp(429,22): warning C4244: '引数': 'const float' から 'int' への変換です。データが失われる可能性があります。
C:\PG\bf2-3b\bf2-3b\Enemy.cpp(431,40): warning C4244: '引数': 'const float' から 'int' への変換です。データが失われる可能性があります。
C:\PG\bf2-3b\bf2-3b\Enemy.cpp(431,18): warning C4244: '引数': 'float' から 'int' への変換です。データが失われる可能性があります。
C:\PG\bf2-3b\bf2-3b\Enemy.cpp(432,40): warning C4244: '引数': 'const float' から 'int' への変換です。データが失われる可能性があります。
C:\PG\bf2-3b\bf2-3b\Enemy.cpp(432,25): warning C4244: '引数': 'float' から 'int' への変換です。データが失われる可能性があります。
C:\PG\bf2-3b\bf2-3b\Enemy.cpp(437,38): warning C4244: '引数': 'const float' から 'int' への変換です。データが失われる可能性があります。
C:\PG\bf2-3b\bf2-3b\Enemy.cpp(437,26): warning C4244: '引数': 'const float' から 'int' への変換です。データが失われる可能性があります。
C:\PG\bf2-3b\bf2-3b\Enemy.cpp(439,44): warning C4244: '引数': 'const float' から 'int' への変換です。データが失われる可能性があります。
C:\PG\bf2-3b\bf2-3b\Enemy.cpp(439,22): warning C4244: '引数': 'float' から 'int' への変換です。データが失われる可能性があります。
C:\PG\bf2-3b\bf2-3b\Enemy.cpp(440,44): warning C4244: '引数': 'const float' から 'int' への変換です。データが失われる可能性があります。
C:\PG\bf2-3b\bf2-3b\Enemy.cpp(440,29): warning C4244: '引数': 'float' から 'int' への変換です。データが失われる可能性があります。
C:\PG\bf2-3b\bf2-3b\Enemy.cpp(464,34): warning C4244: '引数': 'const float' から 'int' への変換です。データが失われる可能性があります。
C:\PG\bf2-3b\bf2-3b\Enemy.cpp(464,22): warning C4244: '引数': 'const float' から 'int' への変換です。データが失われる可能性があります。
C:\PG\bf2-3b\bf2-3b\Enemy.cpp(466,40): warning C4244: '引数': 'const float' から 'int' への変換です。データが失われる可能性があります。
C:\PG\bf2-3b\bf2-3b\Enemy.cpp(466,18): warning C4244: '引数': 'float' から 'int' への変換です。データが失われる可能性があります。
C:\PG\bf2-3b\bf2-3b\Enemy.cpp(467,40): warning C4244: '引数': 'const float' から 'int' への変換です。データが失われる可能性があります。
C:\PG\bf2-3b\bf2-3b\Enemy.cpp(467,25): warning C4244: '引数': 'float' から 'int' への変換です。データが失われる可能性があります。
C:\PG\bf2-3b\bf2-3b\Enemy.cpp(472,38): warning C4244: '引数': 'const float' から 'int' への変換です。データが失われる可能性があります。
C:\PG\bf2-3b\bf2-3b\Enemy.cpp(472,26): warning C4244: '引数': 'const float' から 'int' への変換です。データが失われる可能性があります。
C:\PG\bf2-3b\bf2-3b\Enemy.cpp(474,44): warning C4244: '引数': 'const float' から 'int' への変換です。データが失われる可能性があります。
C:\PG\bf2-3b\bf2-3b\Enemy.cpp(474,22): warning C4244: '引数': 'float' から 'int' への変換です。データが失われる可能性があります。
C:\PG\bf2-3b\bf2-3b\Enemy.cpp(475,44): warning C4244: '引数': 'const float' から 'int' への変換です。データが失われる可能性があります。
C:\PG\bf2-3b\bf2-3b\Enemy.cpp(475,29): warning C4244: '引数': 'float' から 'int' への変換です。データが失われる可能性があります。
  GameMain.cpp
C:\PG\bf2-3b\bf2-3b\Enemy.h(49): warning C4091: 'static ': 変数が何も宣言されていないときは、'Enemy::ENEMY' の左辺を無視します。
C:\PG\bf2-3b\bf2-3b\Enemy.h(17,37): warning C4305: '初期化中': 'double' から 'float' へ切り詰めます。
  Player.cpp
C:\PG\bf2-3b\bf2-3b\common.h(92,1): warning C4005: 'S3_Flooting_X': マクロが再定義されました。
C:\PG\bf2-3b\bf2-3b\common.h(80): message : 'S3_Flooting_X' の以前の定義を確認してください
C:\PG\bf2-3b\bf2-3b\common.h(93,1): warning C4005: 'S3_Flooting_Y': マクロが再定義されました。
C:\PG\bf2-3b\bf2-3b\common.h(81): message : 'S3_Flooting_Y' の以前の定義を確認してください
C:\PG\bf2-3b\bf2-3b\common.h(94,1): warning C4005: 'S3_Flooting_W': マクロが再定義されました。
C:\PG\bf2-3b\bf2-3b\common.h(82): message : 'S3_Flooting_W' の以前の定義を確認してください
C:\PG\bf2-3b\bf2-3b\common.h(103,1): warning C4005: 'S3_2Flooting_X': マクロが再定義されました。
C:\PG\bf2-3b\bf2-3b\common.h(86): message : 'S3_2Flooting_X' の以前の定義を確認してください
C:\PG\bf2-3b\bf2-3b\common.h(104,1): warning C4005: 'S3_2Flooting_Y': マクロが再定義されました。
C:\PG\bf2-3b\bf2-3b\common.h(87): message : 'S3_2Flooting_Y' の以前の定義を確認してください
C:\PG\bf2-3b\bf2-3b\common.h(105,1): warning C4005: 'S3_2Flooting_W': マクロが再定義されました。
C:\PG\bf2-3b\bf2-3b\common.h(88): message : 'S3_2Flooting_W' の以前の定義を確認してください
C:\PG\bf2-3b\bf2-3b\Enemy.h(49): warning C4091: 'static ': 変数が何も宣言されていないときは、'Enemy::ENEMY' の左辺を無視します。
C:\PG\bf2-3b\bf2-3b\Enemy.h(17,37): warning C4305: '初期化中': 'double' から 'float' へ切り詰めます。
C:\PG\bf2-3b\bf2-3b\Player.cpp(25,12): warning C4305: '=': 'double' から 'float' へ切り詰めます。
C:\PG\bf2-3b\bf2-3b\Player.cpp(36,9): warning C4305: '=': 'double' から 'float' へ切り詰めます。
C:\PG\bf2-3b\bf2-3b\Player.cpp(79,18): warning C4244: '=': 'float' から 'int' への変換です。データが失われる可能性があります。
C:\PG\bf2-3b\bf2-3b\Player.cpp(80,18): warning C4244: '=': 'float' から 'int' への変換です。データが失われる可能性があります。
C:\PG\bf2-3b\bf2-3b\Player.cpp(85,18): warning C4244: '=': 'float' から 'int' への変換です。データが失われる可能性があります。
C:\PG\bf2-3b\bf2-3b\Player.cpp(86,18): warning C4244: '=': 'float' から 'int' への変換です。データが失われる可能性があります。
C:\PG\bf2-3b\bf2-3b\Player.cpp(139,17): warning C4305: '-=': 'double' から 'float' へ切り詰めます。
C:\PG\bf2-3b\bf2-3b\Player.cpp(169,21): warning C4305: '-=': 'double' から 'float' へ切り詰めます。
C:\PG\bf2-3b\bf2-3b\Player.cpp(206,21): warning C4305: '+=': 'double' から 'float' へ切り詰めます。
C:\PG\bf2-3b\bf2-3b\Player.cpp(298,21): warning C4305: '=': 'double' から 'float' へ切り詰めます。
C:\PG\bf2-3b\bf2-3b\Player.cpp(317,20): warning C4305: '=': 'double' から 'float' へ切り詰めます。
C:\PG\bf2-3b\bf2-3b\Player.cpp(448,23): warning C4244: '引数': 'float' から 'int' への変換です。データが失われる可能性があります。
C:\PG\bf2-3b\bf2-3b\Player.cpp(448,14): warning C4244: '引数': 'float' から 'int' への変換です。データが失われる可能性があります。
C:\PG\bf2-3b\bf2-3b\Player.cpp(453,27): warning C4244: '引数': 'float' から 'int' への変換です。データが失われる可能性があります。
C:\PG\bf2-3b\bf2-3b\Player.cpp(453,18): warning C4244: '引数': 'float' から 'int' への変換です。データが失われる可能性があります。
C:\PG\bf2-3b\bf2-3b\Player.cpp(456,28): warning C4244: '引数': 'float' から 'int' への変換です。データが失われる可能性があります。
C:\PG\bf2-3b\bf2-3b\Player.cpp(456,17): warning C4244: '引数': 'float' から 'int' への変換です。データが失われる可能性があります。
C:\PG\bf2-3b\bf2-3b\Player.cpp(457,28): warning C4244: '引数': 'float' から 'int' への変換です。データが失われる可能性があります。
C:\PG\bf2-3b\bf2-3b\Player.cpp(457,21): warning C4244: '引数': 'float' から 'int' への変換です。データが失われる可能性があります。
C:\PG\bf2-3b\bf2-3b\Player.cpp(466,16): warning C4305: '*=': 'double' から 'float' へ切り詰めます。
C:\PG\bf2-3b\bf2-3b\Player.cpp(478,16): warning C4305: '*=': 'double' から 'float' へ切り詰めます。
C:\PG\bf2-3b\bf2-3b\Player.cpp(499,19): warning C4244: '=': 'float' から 'int' への変換です。データが失われる可能性があります。
C:\PG\bf2-3b\bf2-3b\Player.cpp(500,19): warning C4244: '=': 'float' から 'int' への変換です。データが失われる可能性があります。
C:\PG\bf2-3b\bf2-3b\Player.cpp(505,19): warning C4244: '=': 'float' から 'int' への変換です。データが失われる可能性があります。
C:\PG\bf2-3b\bf2-3b\Player.cpp(506,19): warning C4244: '=': 'float' から 'int' への変換です。データが失われる可能性があります。
  Splash.cpp
C:\PG\bf2-3b\bf2-3b\Enemy.h(49): warning C4091: 'static ': 変数が何も宣言されていないときは、'Enemy::ENEMY' の左辺を無視します。
C:\PG\bf2-3b\bf2-3b\Enemy.h(17,37): warning C4305: '初期化中': 'double' から 'float' へ切り詰めます。
C:\PG\bf2-3b\bf2-3b\Splash.cpp(55,22): warning C4244: '引数': 'float' から 'int' への変換です。データが失われる可能性があります。
  Stage.cpp
C:\PG\bf2-3b\bf2-3b\common.h(92,1): warning C4005: 'S3_Flooting_X': マクロが再定義されました。
C:\PG\bf2-3b\bf2-3b\common.h(80): message : 'S3_Flooting_X' の以前の定義を確認してください
C:\PG\bf2-3b\bf2-3b\common.h(93,1): warning C4005: 'S3_Flooting_Y': マクロが再定義されました。
C:\PG\bf2-3b\bf2-3b\common.h(81): message : 'S3_Flooting_Y' の以前の定義を確認してください
C:\PG\bf2-3b\bf2-3b\common.h(94,1): warning C4005: 'S3_Flooting_W': マクロが再定義されました。
C:\PG\bf2-3b\bf2-3b\common.h(82): message : 'S3_Flooting_W' の以前の定義を確認してください
C:\PG\bf2-3b\bf2-3b\common.h(103,1): warning C4005: 'S3_2Flooting_X': マクロが再定義されました。
C:\PG\bf2-3b\bf2-3b\common.h(86): message : 'S3_2Flooting_X' の以前の定義を確認してください
C:\PG\bf2-3b\bf2-3b\common.h(104,1): warning C4005: 'S3_2Flooting_Y': マクロが再定義されました。
C:\PG\bf2-3b\bf2-3b\common.h(87): message : 'S3_2Flooting_Y' の以前の定義を確認してください
C:\PG\bf2-3b\bf2-3b\common.h(105,1): warning C4005: 'S3_2Flooting_W': マクロが再定義されました。
C:\PG\bf2-3b\bf2-3b\common.h(88): message : 'S3_2Flooting_W' の以前の定義を確認してください
  Title.cpp
C:\PG\bf2-3b\bf2-3b\Enemy.h(49): warning C4091: 'static ': 変数が何も宣言されていないときは、'Enemy::ENEMY' の左辺を無視します。
C:\PG\bf2-3b\bf2-3b\Enemy.h(17,37): warning C4305: '初期化中': 'double' から 'float' へ切り詰めます。
  UI.cpp
C:\PG\bf2-3b\bf2-3b\Enemy.h(49): warning C4091: 'static ': 変数が何も宣言されていないときは、'Enemy::ENEMY' の左辺を無視します。
C:\PG\bf2-3b\bf2-3b\Enemy.h(17,37): warning C4305: '初期化中': 'double' から 'float' へ切り詰めます。
  bubble.cpp
C:\PG\bf2-3b\bf2-3b\Enemy.h(49): warning C4091: 'static ': 変数が何も宣言されていないときは、'Enemy::ENEMY' の左辺を無視します。
C:\PG\bf2-3b\bf2-3b\Enemy.h(17,37): warning C4305: '初期化中': 'double' から 'float' へ切り詰めます。
C:\PG\bf2-3b\bf2-3b\bubble.cpp(112,33): warning C4244: '引数': 'float' から 'int' への変換です。データが失われる可能性があります。
C:\PG\bf2-3b\bf2-3b\bubble.cpp(112,28): warning C4244: '引数': 'float' から 'int' への変換です。データが失われる可能性があります。
C:\PG\bf2-3b\bf2-3b\bubble.cpp(112,23): warning C4244: '引数': 'float' から 'int' への変換です。データが失われる可能性があります。
C:\PG\bf2-3b\bf2-3b\bubble.cpp(112,18): warning C4244: '引数': 'float' から 'int' への変換です。データが失われる可能性があります。
  fish.cpp
C:\PG\bf2-3b\bf2-3b\common.h(92,1): warning C4005: 'S3_Flooting_X': マクロが再定義されました。
C:\PG\bf2-3b\bf2-3b\common.h(80): message : 'S3_Flooting_X' の以前の定義を確認してください
C:\PG\bf2-3b\bf2-3b\common.h(93,1): warning C4005: 'S3_Flooting_Y': マクロが再定義されました。
C:\PG\bf2-3b\bf2-3b\common.h(81): message : 'S3_Flooting_Y' の以前の定義を確認してください
C:\PG\bf2-3b\bf2-3b\common.h(94,1): warning C4005: 'S3_Flooting_W': マクロが再定義されました。
C:\PG\bf2-3b\bf2-3b\common.h(82): message : 'S3_Flooting_W' の以前の定義を確認してください
C:\PG\bf2-3b\bf2-3b\common.h(103,1): warning C4005: 'S3_2Flooting_X': マクロが再定義されました。
C:\PG\bf2-3b\bf2-3b\common.h(86): message : 'S3_2Flooting_X' の以前の定義を確認してください
C:\PG\bf2-3b\bf2-3b\common.h(104,1): warning C4005: 'S3_2Flooting_Y': マクロが再定義されました。
C:\PG\bf2-3b\bf2-3b\common.h(87): message : 'S3_2Flooting_Y' の以前の定義を確認してください
C:\PG\bf2-3b\bf2-3b\common.h(105,1): warning C4005: 'S3_2Flooting_W': マクロが再定義されました。
C:\PG\bf2-3b\bf2-3b\common.h(88): message : 'S3_2Flooting_W' の以前の定義を確認してください
C:\PG\bf2-3b\bf2-3b\Enemy.h(49): warning C4091: 'static ': 変数が何も宣言されていないときは、'Enemy::ENEMY' の左辺を無視します。
C:\PG\bf2-3b\bf2-3b\Enemy.h(17,37): warning C4305: '初期化中': 'double' から 'float' へ切り詰めます。
  main.cpp
C:\PG\bf2-3b\bf2-3b\Enemy.h(49): warning C4091: 'static ': 変数が何も宣言されていないときは、'Enemy::ENEMY' の左辺を無視します。
C:\PG\bf2-3b\bf2-3b\Enemy.h(17,37): warning C4305: '初期化中': 'double' から 'float' へ切り詰めます。
C:\PG\bf2-3b\bf2-3b\main.cpp(59,17): warning C4476: 'fprintf_s' : 形式指定子に不明な種類フィールド文字 '\xe6' があります
C:\PG\bf2-3b\bf2-3b\main.cpp(59,17): warning C4477: 'fprintf_s' : 書式文字列 '% s' には、型 'char *' の引数が必要ですが、可変個引数 5 は型 'int' です
C:\PG\bf2-3b\bf2-3b\main.cpp(59,17): warning C4313: 'fprintf_s': 書式文字列内の '%s' が引数 5 ('int' 型) と競合しています
C:\PG\bf2-3b\bf2-3b\main.cpp(59,151): warning C4474: 'fprintf_s': 書式文字列に渡された引数の数が多すぎます
C:\PG\bf2-3b\bf2-3b\main.cpp(59,151): message : プレースホルダーとそのパラメーターには 5 の可変個引数が必要ですが、7 が指定されています。
  コード生成しています。
  29 of 97 functions (29.9%) were compiled, the rest were copied from previous compilation.
    2 functions were new in current compilation
    0 functions had inline decision re-evaluated but remain unchanged
  コード生成が終了しました。
  bf2-3b.vcxproj -> C:\PG\bf2-3b\bf2-3b\x64\Release\bf2-3b.exe
