c:\pg\bf2-3b\bf2-3b\x64\release\bf2-3b.ipdb
c:\pg\bf2-3b\bf2-3b\x64\release\bf2-3b.iobj
c:\pg\bf2-3b\bf2-3b\x64\release\vc143.pdb
c:\pg\bf2-3b\bf2-3b\x64\release\title.obj
c:\pg\bf2-3b\bf2-3b\x64\release\thunder.obj
c:\pg\bf2-3b\bf2-3b\x64\release\stage.obj
c:\pg\bf2-3b\bf2-3b\x64\release\scenemanager.obj
c:\pg\bf2-3b\bf2-3b\x64\release\result.obj
c:\pg\bf2-3b\bf2-3b\x64\release\player.obj
c:\pg\bf2-3b\bf2-3b\x64\release\pause.obj
c:\pg\bf2-3b\bf2-3b\x64\release\padinput.obj
c:\pg\bf2-3b\bf2-3b\x64\release\main.obj
c:\pg\bf2-3b\bf2-3b\x64\release\gamemain.obj
c:\pg\bf2-3b\bf2-3b\x64\release\fpscontroller.obj
c:\pg\bf2-3b\bf2-3b\x64\release\enemy.obj
c:\pg\bf2-3b\bf2-3b\x64\release\anim.obj
c:\pg\bf2-3b\bf2-3b\x64\release\bf2-3b.exe
c:\pg\bf2-3b\bf2-3b\x64\release\bf2-3b.pdb
c:\pg\bf2-3b\bf2-3b\x64\release\bf2-3b.tlog\bf2-3b.write.1u.tlog
c:\pg\bf2-3b\bf2-3b\x64\release\bf2-3b.tlog\cl.command.1.tlog
c:\pg\bf2-3b\bf2-3b\x64\release\bf2-3b.tlog\cl.read.1.tlog
c:\pg\bf2-3b\bf2-3b\x64\release\bf2-3b.tlog\cl.write.1.tlog
c:\pg\bf2-3b\bf2-3b\x64\release\bf2-3b.tlog\link.command.1.tlog
c:\pg\bf2-3b\bf2-3b\x64\release\bf2-3b.tlog\link.read.1.tlog
c:\pg\bf2-3b\bf2-3b\x64\release\bf2-3b.tlog\link.write.1.tlog
